# Logfile created on Mon Feb 02 14:53:06 -0300 2009

Processing HomeController#index (for 127.0.0.1 at 2009-02-02 14:53:08) [GET]


Processing HomeController#index (for 127.0.0.1 at 2009-02-02 14:53:08) [GET]
  [4;36;1mTask Load (1.3ms)[0m   [0;1mSELECT * FROM "tasks" WHERE (created_at > '2009-01-31 17:53:08') ORDER BY id desc LIMIT 5[0m
  [4;36;1mTask Load (1.2ms)[0m   [0;1mSELECT * FROM "tasks" WHERE (created_at > '2009-01-31 17:53:08') ORDER BY id desc LIMIT 5[0m
  [4;35;1mComment Load (0.4ms)[0m   [0mSELECT * FROM "comments" WHERE (created_at > '2009-01-31 17:53:08') ORDER BY id desc LIMIT 5[0m
  [4;36;1mConnection Load (0.7ms)[0m   [0;1mSELECT * FROM "connections" ORDER BY id desc LIMIT 5[0m
  [4;35;1mComment Load (0.3ms)[0m   [0mSELECT * FROM "comments" WHERE (created_at > '2009-01-31 17:53:08') ORDER BY id desc LIMIT 5[0m
  [4;36;1mConnection Load (0.7ms)[0m   [0;1mSELECT * FROM "connections" ORDER BY id desc LIMIT 5[0m
Rendering template within layouts/application
Rendering home/index
  [4;35;1mUser Load (0.8ms)[0m   [0mSELECT * FROM "users" WHERE ("users"."id" = 1) LIMIT 1[0m
Rendering template within layouts/application
Rendering home/index
  [4;35;1mUser Load (21.8ms)[0m   [0mSELECT * FROM "users" WHERE ("users"."id" = 1) LIMIT 1[0m
  [4;36;1mUser Load (0.8ms)[0m   [0;1mSELECT * FROM "users" WHERE ("users"."id" = 1) [0m
  [4;36;1mUser Load (0.8ms)[0m   [0;1mSELECT * FROM "users" WHERE ("users"."id" = 1) [0m
  [4;35;1mCACHE (0.0ms)[0m   [0mSELECT * FROM "users" WHERE ("users"."id" = 1) [0m
  [4;35;1mCACHE (0.0ms)[0m   [0mSELECT * FROM "users" WHERE ("users"."id" = 1) [0m
Completed in 456ms (View: 213, DB: 2) | 200 OK [http://localhost/]
Completed in 449ms (View: 176, DB: 2) | 200 OK [http://localhost/]


Processing ProjectsController#index (for 127.0.0.1 at 2009-02-02 14:56:23) [GET]
  [4;36;1mUser Load (1.5ms)[0m   [0;1mSELECT * FROM "users" WHERE ("users"."id" = 1) LIMIT 1[0m


Processing ProjectsController#index (for 127.0.0.1 at 2009-02-02 14:56:23) [GET]
  [4;35;1mClient Load (1.2ms)[0m   [0mSELECT * FROM "clients" [0m
  [4;36;1mUser Load (21.7ms)[0m   [0;1mSELECT * FROM "users" WHERE ("users"."id" = 1) LIMIT 1[0m
  [4;35;1mClient Load (1.2ms)[0m   [0mSELECT * FROM "clients" [0m
  [4;36;1mProject Load (1.0ms)[0m   [0;1mSELECT * FROM "projects" [0m
Rendering template within layouts/application
Rendering projects/index
  [4;36;1mProject Load (1.1ms)[0m   [0;1mSELECT * FROM "projects" [0m
Rendering template within layouts/application
Rendering projects/index
  [4;35;1mClient Load (1.2ms)[0m   [0mSELECT * FROM "clients" WHERE ("clients"."id" = 1) [0m
  [4;35;1mClient Load (1.3ms)[0m   [0mSELECT * FROM "clients" WHERE ("clients"."id" = 1) [0m
  [4;36;1mSQL (0.7ms)[0m   [0;1mSELECT max("tasks".commented_at) AS max_commented_at FROM "tasks" WHERE ("tasks".project_id = 1) [0m
Completed in 990ms (View: 273, DB: 6) | 200 OK [http://localhost/projetos]
  [4;36;1mSQL (0.8ms)[0m   [0;1mSELECT max("tasks".commented_at) AS max_commented_at FROM "tasks" WHERE ("tasks".project_id = 1) [0m
Completed in 981ms (View: 241, DB: 26) | 200 OK [http://localhost/projetos]


Processing ProjectsController#show (for 127.0.0.1 at 2009-02-02 14:56:26) [GET]
  Parameters: {"id"=>"1"}
  [4;35;1mUser Load (1.6ms)[0m   [0mSELECT * FROM "users" WHERE ("users"."id" = 1) LIMIT 1[0m
  [4;36;1mClient Load (1.2ms)[0m   [0;1mSELECT * FROM "clients" [0m
  [4;35;1mProject Load (1.0ms)[0m   [0mSELECT * FROM "projects" WHERE ("projects"."id" = 1) [0m
Rendering template within layouts/application
Rendering projects/show
  [4;36;1mClient Load (1.1ms)[0m   [0;1mSELECT * FROM "clients" WHERE ("clients"."id" = 1) [0m
  [4;35;1mSQL (0.7ms)[0m   [0mSELECT count(*) AS count_all FROM "tasks" WHERE ("tasks".project_id = 1) [0m
  [4;36;1mTask Load (0.6ms)[0m   [0;1mSELECT * FROM "tasks" WHERE ("tasks".project_id = 1) [0m
Completed in 242ms (View: 129, DB: 6) | 200 OK [http://localhost/projetos/1]


Processing TasksController#new (for 127.0.0.1 at 2009-02-02 14:56:29) [GET]
  Parameters: {"project_id"=>"1"}
  [4;35;1mProject Load (1.0ms)[0m   [0mSELECT * FROM "projects" WHERE ("projects"."id" = 1) [0m
Rendering template within layouts/application
Rendering tasks/new
  [4;36;1mUser Load (1.6ms)[0m   [0;1mSELECT * FROM "users" WHERE ("users"."id" = 1) LIMIT 1[0m
Rendered tasks/_form (49.1ms)
Completed in 205ms (View: 121, DB: 1) | 200 OK [http://localhost/projetos/1/tarefas/novo]


Processing TasksController#create (for 127.0.0.1 at 2009-02-02 15:09:05) [POST]
  Parameters: {"commit"=>"Adicionar", "project_id"=>"1", "authenticity_token"=>"ddb6b3eb5b1b5e7eb003de5f92699b1af689b4a6", "task"=>{"name"=>"testando tarefa", "user_id"=>"1", "date_start(1i)"=>"2009", "date_start(2i)"=>"2", "date_end(1i)"=>"2009", "date_start(3i)"=>"2", "message"=>"somente teste...", "date_end(2i)"=>"2", "date_end(3i)"=>"3"}}
  [4;36;1mProject Load (1.3ms)[0m   [0;1mSELECT * FROM "projects" WHERE ("projects"."id" = 1) [0m
  [4;35;1mTask Create (1.3ms)[0m   [0mINSERT INTO "tasks" ("name", "real_date_start", "created_at", "real_date_end", "project_id", "updated_at", "commented_at", "user_id", "date_start", "message", "state", "date_end") VALUES('testando tarefa', NULL, '2009-02-02 18:09:05', NULL, 1, '2009-02-02 18:09:05', NULL, 1, '2009-02-02', 'somente teste...', 'pending', '2009-02-03')[0m
Redirected to #<Project:0xb67ba834>
Completed in 180ms (DB: 3) | 302 Found [http://localhost/projetos/1/tarefas]


Processing ProjectsController#show (for 127.0.0.1 at 2009-02-02 15:09:05) [GET]
  Parameters: {"id"=>"1"}
  [4;36;1mUser Load (1.5ms)[0m   [0;1mSELECT * FROM "users" WHERE ("users"."id" = 1) LIMIT 1[0m
  [4;35;1mClient Load (1.2ms)[0m   [0mSELECT * FROM "clients" [0m
  [4;36;1mProject Load (1.0ms)[0m   [0;1mSELECT * FROM "projects" WHERE ("projects"."id" = 1) [0m
Rendering template within layouts/application
Rendering projects/show
  [4;35;1mClient Load (1.2ms)[0m   [0mSELECT * FROM "clients" WHERE ("clients"."id" = 1) [0m
  [4;36;1mSQL (0.8ms)[0m   [0;1mSELECT count(*) AS count_all FROM "tasks" WHERE ("tasks".project_id = 1) [0m
  [4;35;1mTask Load (1.3ms)[0m   [0mSELECT * FROM "tasks" WHERE ("tasks".project_id = 1) [0m
  [4;36;1mSQL (0.9ms)[0m   [0;1mSELECT count(*) AS count_all FROM "comments" WHERE ("comments".task_id = 1) [0m
Completed in 738ms (View: 640, DB: 8) | 200 OK [http://localhost/projetos/1]


Processing TasksController#new (for 127.0.0.1 at 2009-02-02 15:09:09) [GET]
  Parameters: {"project_id"=>"1"}
  [4;35;1mProject Load (1.0ms)[0m   [0mSELECT * FROM "projects" WHERE ("projects"."id" = 1) [0m
Rendering template within layouts/application
Rendering tasks/new
  [4;36;1mUser Load (2.0ms)[0m   [0;1mSELECT * FROM "users" WHERE ("users"."id" = 1) LIMIT 1[0m
Rendered tasks/_form (169.2ms)
Completed in 315ms (View: 241, DB: 1) | 200 OK [http://localhost/projetos/1/tarefas/novo]


Processing ProjectsController#show (for 127.0.0.1 at 2009-02-02 15:09:16) [GET]
  Parameters: {"id"=>"1"}
  [4;35;1mUser Load (2.3ms)[0m   [0mSELECT * FROM "users" WHERE ("users"."id" = 1) LIMIT 1[0m
  [4;36;1mClient Load (3.7ms)[0m   [0;1mSELECT * FROM "clients" [0m
  [4;35;1mProject Load (1.0ms)[0m   [0mSELECT * FROM "projects" WHERE ("projects"."id" = 1) [0m
Rendering template within layouts/application
Rendering projects/show
  [4;36;1mClient Load (2.8ms)[0m   [0;1mSELECT * FROM "clients" WHERE ("clients"."id" = 1) [0m
  [4;35;1mSQL (1.6ms)[0m   [0mSELECT count(*) AS count_all FROM "tasks" WHERE ("tasks".project_id = 1) [0m
  [4;36;1mTask Load (3.8ms)[0m   [0;1mSELECT * FROM "tasks" WHERE ("tasks".project_id = 1) [0m
  [4;35;1mSQL (0.7ms)[0m   [0mSELECT count(*) AS count_all FROM "comments" WHERE ("comments".task_id = 1) [0m
Completed in 274ms (View: 171, DB: 16) | 200 OK [http://localhost/projetos/1]


Processing TasksController#new (for 127.0.0.1 at 2009-02-02 15:09:23) [GET]
  Parameters: {"project_id"=>"1"}
  [4;36;1mProject Load (1.0ms)[0m   [0;1mSELECT * FROM "projects" WHERE ("projects"."id" = 1) [0m
Rendering template within layouts/application
Rendering tasks/new
  [4;35;1mUser Load (1.5ms)[0m   [0mSELECT * FROM "users" WHERE ("users"."id" = 1) LIMIT 1[0m
Rendered tasks/_form (61.3ms)
Completed in 564ms (View: 411, DB: 1) | 200 OK [http://localhost/projetos/1/tarefas/novo]


Processing TasksController#create (for 127.0.0.1 at 2009-02-02 15:10:02) [POST]
  Parameters: {"commit"=>"Adicionar", "project_id"=>"1", "authenticity_token"=>"ddb6b3eb5b1b5e7eb003de5f92699b1af689b4a6", "task"=>{"name"=>"testando tarefa", "user_id"=>"1", "date_start(1i)"=>"2009", "date_start(2i)"=>"2", "date_end(1i)"=>"2009", "date_start(3i)"=>"2", "message"=>"dsadasdas", "date_end(2i)"=>"2", "date_end(3i)"=>"2"}}
  [4;36;1mProject Load (1.1ms)[0m   [0;1mSELECT * FROM "projects" WHERE ("projects"."id" = 1) [0m
  [4;35;1mTask Create (6.5ms)[0m   [0mINSERT INTO "tasks" ("name", "real_date_start", "created_at", "real_date_end", "project_id", "updated_at", "commented_at", "user_id", "date_start", "message", "state", "date_end") VALUES('testando tarefa', NULL, '2009-02-02 18:10:02', NULL, 1, '2009-02-02 18:10:02', NULL, 1, '2009-02-02', 'dsadasdas', 'pending', '2009-02-02')[0m
Redirected to #<Project:0xb67b661c>
Completed in 156ms (DB: 8) | 302 Found [http://localhost/projetos/1/tarefas]


Processing ProjectsController#show (for 127.0.0.1 at 2009-02-02 15:10:02) [GET]
  Parameters: {"id"=>"1"}
  [4;36;1mUser Load (2.3ms)[0m   [0;1mSELECT * FROM "users" WHERE ("users"."id" = 1) LIMIT 1[0m
  [4;35;1mClient Load (0.6ms)[0m   [0mSELECT * FROM "clients" [0m
  [4;36;1mProject Load (0.6ms)[0m   [0;1mSELECT * FROM "projects" WHERE ("projects"."id" = 1) [0m
Rendering template within layouts/application
Rendering projects/show
  [4;35;1mClient Load (2.1ms)[0m   [0mSELECT * FROM "clients" WHERE ("clients"."id" = 1) [0m
  [4;36;1mSQL (0.4ms)[0m   [0;1mSELECT count(*) AS count_all FROM "tasks" WHERE ("tasks".project_id = 1) [0m
  [4;35;1mTask Load (1.7ms)[0m   [0mSELECT * FROM "tasks" WHERE ("tasks".project_id = 1) [0m
  [4;36;1mSQL (0.4ms)[0m   [0;1mSELECT count(*) AS count_all FROM "comments" WHERE ("comments".task_id = 1) [0m
  [4;35;1mSQL (0.4ms)[0m   [0mSELECT count(*) AS count_all FROM "comments" WHERE ("comments".task_id = 2) [0m
Completed in 265ms (View: 85, DB: 9) | 200 OK [http://localhost/projetos/1]


Processing ProjectsController#show (for 127.0.0.1 at 2009-02-02 15:11:27) [GET]
  Parameters: {"id"=>"1"}
  [4;36;1mUser Load (0.8ms)[0m   [0;1mSELECT * FROM "users" WHERE ("users"."id" = 1) LIMIT 1[0m
  [4;35;1mClient Load (0.6ms)[0m   [0mSELECT * FROM "clients" [0m
  [4;36;1mProject Load (1.6ms)[0m   [0;1mSELECT * FROM "projects" WHERE ("projects"."id" = 1) [0m
Rendering template within layouts/application
Rendering projects/show
  [4;35;1mClient Load (0.6ms)[0m   [0mSELECT * FROM "clients" WHERE ("clients"."id" = 1) [0m
  [4;36;1mSQL (1.4ms)[0m   [0;1mSELECT count(*) AS count_all FROM "tasks" WHERE ("tasks".project_id = 1) [0m
  [4;35;1mTask Load (0.9ms)[0m   [0mSELECT * FROM "tasks" WHERE ("tasks".project_id = 1) [0m
  [4;36;1mSQL (0.4ms)[0m   [0;1mSELECT count(*) AS count_all FROM "comments" WHERE ("comments".task_id = 2) [0m
  [4;35;1mSQL (1.7ms)[0m   [0mSELECT count(*) AS count_all FROM "comments" WHERE ("comments".task_id = 1) [0m
Completed in 134ms (View: 87, DB: 8) | 200 OK [http://localhost/projetos/1]


Processing TasksController#show (for 127.0.0.1 at 2009-02-02 15:11:31) [GET]
  Parameters: {"project_id"=>"1", "id"=>"2"}
  [4;36;1mProject Load (1.0ms)[0m   [0;1mSELECT * FROM "projects" WHERE ("projects"."id" = 1) [0m
  [4;35;1mTask Load (1.4ms)[0m   [0mSELECT * FROM "tasks" WHERE ("tasks"."id" = 2) [0m
  [4;36;1mComment Load (0.6ms)[0m   [0;1mSELECT * FROM "comments" WHERE ("comments".task_id = 2) ORDER BY id desc LIMIT 5 OFFSET 0[0m
Rendering template within layouts/application
Rendering tasks/show
  [4;35;1mUser Load (1.5ms)[0m   [0mSELECT * FROM "users" WHERE ("users"."id" = 1) LIMIT 1[0m
Rendered comments/_form (23.2ms)
Completed in 221ms (View: 121, DB: 3) | 200 OK [http://localhost/projetos/1/tarefas/2]


Processing TasksController#show (for 127.0.0.1 at 2009-02-02 15:15:09) [GET]
  Parameters: {"project_id"=>"1", "id"=>"2"}
  [4;36;1mProject Load (1.0ms)[0m   [0;1mSELECT * FROM "projects" WHERE ("projects"."id" = 1) [0m
  [4;35;1mTask Load (1.5ms)[0m   [0mSELECT * FROM "tasks" WHERE ("tasks"."id" = 2) [0m
  [4;36;1mComment Load (0.7ms)[0m   [0;1mSELECT * FROM "comments" WHERE ("comments".task_id = 2) ORDER BY id desc LIMIT 5 OFFSET 0[0m
Rendering template within layouts/application
Rendering tasks/show
  [4;35;1mUser Load (2.2ms)[0m   [0mSELECT * FROM "users" WHERE ("users"."id" = 1) LIMIT 1[0m
Rendered comments/_form (27.9ms)
Completed in 474ms (View: 131, DB: 3) | 200 OK [http://localhost/projetos/1/tarefas/2]


Processing TasksController#show (for 127.0.0.1 at 2009-02-02 15:15:36) [GET]
  Parameters: {"project_id"=>"1", "id"=>"2"}
  [4;36;1mProject Load (1.0ms)[0m   [0;1mSELECT * FROM "projects" WHERE ("projects"."id" = 1) [0m
  [4;35;1mTask Load (1.3ms)[0m   [0mSELECT * FROM "tasks" WHERE ("tasks"."id" = 2) [0m
  [4;36;1mComment Load (0.6ms)[0m   [0;1mSELECT * FROM "comments" WHERE ("comments".task_id = 2) ORDER BY id desc LIMIT 5 OFFSET 0[0m
Rendering template within layouts/application
Rendering tasks/show
  [4;35;1mUser Load (1.5ms)[0m   [0mSELECT * FROM "users" WHERE ("users"."id" = 1) LIMIT 1[0m
Rendered comments/_form (26.5ms)
Completed in 279ms (View: 157, DB: 3) | 200 OK [http://localhost/projetos/1/tarefas/2]


Processing TasksController#show (for 127.0.0.1 at 2009-02-02 15:15:49) [GET]
  Parameters: {"project_id"=>"1", "id"=>"2"}
  [4;36;1mProject Load (1.0ms)[0m   [0;1mSELECT * FROM "projects" WHERE ("projects"."id" = 1) [0m
  [4;35;1mTask Load (3.6ms)[0m   [0mSELECT * FROM "tasks" WHERE ("tasks"."id" = 2) [0m
  [4;36;1mComment Load (0.6ms)[0m   [0;1mSELECT * FROM "comments" WHERE ("comments".task_id = 2) ORDER BY id desc LIMIT 5 OFFSET 0[0m
Rendering template within layouts/application
Rendering tasks/show
  [4;35;1mUser Load (1.5ms)[0m   [0mSELECT * FROM "users" WHERE ("users"."id" = 1) LIMIT 1[0m
Rendered comments/_form (32.9ms)
Completed in 208ms (View: 111, DB: 5) | 200 OK [http://localhost/projetos/1/tarefas/2]


Processing TasksController#show (for 127.0.0.1 at 2009-02-02 15:15:58) [GET]
  Parameters: {"project_id"=>"1", "id"=>"2"}
  [4;36;1mProject Load (1.0ms)[0m   [0;1mSELECT * FROM "projects" WHERE ("projects"."id" = 1) [0m
  [4;35;1mTask Load (1.4ms)[0m   [0mSELECT * FROM "tasks" WHERE ("tasks"."id" = 2) [0m
  [4;36;1mComment Load (0.6ms)[0m   [0;1mSELECT * FROM "comments" WHERE ("comments".task_id = 2) ORDER BY id desc LIMIT 5 OFFSET 0[0m
Rendering template within layouts/application
Rendering tasks/show
  [4;35;1mUser Load (0.8ms)[0m   [0mSELECT * FROM "users" WHERE ("users"."id" = 1) LIMIT 1[0m
Rendered comments/_form (14.3ms)
Completed in 284ms (View: 64, DB: 3) | 200 OK [http://localhost/projetos/1/tarefas/2]


Processing TasksController#show (for 127.0.0.1 at 2009-02-02 15:16:18) [GET]
  Parameters: {"project_id"=>"1", "id"=>"2"}
  [4;36;1mProject Load (1.1ms)[0m   [0;1mSELECT * FROM "projects" WHERE ("projects"."id" = 1) [0m
  [4;35;1mTask Load (1.5ms)[0m   [0mSELECT * FROM "tasks" WHERE ("tasks"."id" = 2) [0m
  [4;36;1mComment Load (0.6ms)[0m   [0;1mSELECT * FROM "comments" WHERE ("comments".task_id = 2) ORDER BY id desc LIMIT 5 OFFSET 0[0m
Rendering template within layouts/application
Rendering tasks/show
  [4;35;1mUser Load (1.5ms)[0m   [0mSELECT * FROM "users" WHERE ("users"."id" = 1) LIMIT 1[0m
Rendered comments/_form (26.3ms)
Completed in 211ms (View: 120, DB: 3) | 200 OK [http://localhost/projetos/1/tarefas/2]


Processing TasksController#close (for 127.0.0.1 at 2009-02-02 15:16:26) [GET]
  Parameters: {"project_id"=>"1", "id"=>"2"}
  [4;36;1mTask Load (4.0ms)[0m   [0;1mSELECT * FROM "tasks" WHERE ("tasks"."id" = 2) [0m
  [4;35;1mProject Load (1.1ms)[0m   [0mSELECT * FROM "projects" WHERE ("projects"."id" = 1) [0m
Redirected to /projetos/1/tarefas/2
Completed in 289ms (DB: 5) | 302 Found [http://localhost/projetos/1/tarefas/2/fechar]


Processing TasksController#close (for 127.0.0.1 at 2009-02-02 15:16:27) [GET]
  Parameters: {"project_id"=>"1", "id"=>"2"}
  [4;36;1mTask Load (0.8ms)[0m   [0;1mSELECT * FROM "tasks" WHERE ("tasks"."id" = 2) [0m
  [4;35;1mProject Load (0.5ms)[0m   [0mSELECT * FROM "projects" WHERE ("projects"."id" = 1) [0m
Redirected to /projetos/1/tarefas/2
Completed in 86ms (DB: 1) | 302 Found [http://localhost/projetos/1/tarefas/2/fechar]


Processing TasksController#show (for 127.0.0.1 at 2009-02-02 15:16:27) [GET]
  Parameters: {"project_id"=>"1", "id"=>"2"}
  [4;36;1mProject Load (0.5ms)[0m   [0;1mSELECT * FROM "projects" WHERE ("projects"."id" = 1) [0m
  [4;35;1mTask Load (0.7ms)[0m   [0mSELECT * FROM "tasks" WHERE ("tasks"."id" = 2) [0m
  [4;36;1mComment Load (0.4ms)[0m   [0;1mSELECT * FROM "comments" WHERE ("comments".task_id = 2) ORDER BY id desc LIMIT 5 OFFSET 0[0m
Rendering template within layouts/application
Rendering tasks/show
  [4;35;1mUser Load (0.8ms)[0m   [0mSELECT * FROM "users" WHERE ("users"."id" = 1) LIMIT 1[0m
Rendered comments/_form (11.8ms)
Completed in 104ms (View: 59, DB: 2) | 200 OK [http://localhost/projetos/1/tarefas/2]


Processing TasksController#show (for 127.0.0.1 at 2009-02-02 15:16:41) [GET]
  Parameters: {"project_id"=>"1", "id"=>"2"}
  [4;36;1mProject Load (0.9ms)[0m   [0;1mSELECT * FROM "projects" WHERE ("projects"."id" = 1) [0m
  [4;35;1mTask Load (1.4ms)[0m   [0mSELECT * FROM "tasks" WHERE ("tasks"."id" = 2) [0m
  [4;36;1mComment Load (0.7ms)[0m   [0;1mSELECT * FROM "comments" WHERE ("comments".task_id = 2) ORDER BY id desc LIMIT 5 OFFSET 0[0m
Rendering template within layouts/application
Rendering tasks/show
  [4;35;1mUser Load (1.7ms)[0m   [0mSELECT * FROM "users" WHERE ("users"."id" = 1) LIMIT 1[0m
Rendered comments/_form (25.6ms)
Completed in 230ms (View: 119, DB: 3) | 200 OK [http://localhost/projetos/1/tarefas/2]


Processing TasksController#close (for 127.0.0.1 at 2009-02-02 15:16:46) [GET]
  Parameters: {"project_id"=>"1", "id"=>"2"}
  [4;36;1mTask Load (3.4ms)[0m   [0;1mSELECT * FROM "tasks" WHERE ("tasks"."id" = 2) [0m
  [4;35;1mProject Load (1.0ms)[0m   [0mSELECT * FROM "projects" WHERE ("projects"."id" = 1) [0m
Redirected to /projetos/1/tarefas/2
Completed in 88ms (DB: 4) | 302 Found [http://localhost/projetos/1/tarefas/2/fechar]


Processing TasksController#show (for 127.0.0.1 at 2009-02-02 15:16:46) [GET]
  Parameters: {"project_id"=>"1", "id"=>"2"}
  [4;36;1mProject Load (1.0ms)[0m   [0;1mSELECT * FROM "projects" WHERE ("projects"."id" = 1) [0m
  [4;35;1mTask Load (1.3ms)[0m   [0mSELECT * FROM "tasks" WHERE ("tasks"."id" = 2) [0m
  [4;36;1mComment Load (0.6ms)[0m   [0;1mSELECT * FROM "comments" WHERE ("comments".task_id = 2) ORDER BY id desc LIMIT 5 OFFSET 0[0m
Rendering template within layouts/application
Rendering tasks/show
  [4;35;1mUser Load (3.8ms)[0m   [0mSELECT * FROM "users" WHERE ("users"."id" = 1) LIMIT 1[0m
Rendered comments/_form (26.1ms)
Completed in 228ms (View: 133, DB: 3) | 200 OK [http://localhost/projetos/1/tarefas/2]


Processing TasksController#show (for 127.0.0.1 at 2009-02-02 15:17:39) [GET]
  Parameters: {"project_id"=>"1", "id"=>"2"}
  [4;36;1mProject Load (0.5ms)[0m   [0;1mSELECT * FROM "projects" WHERE ("projects"."id" = 1) [0m
  [4;35;1mTask Load (3.1ms)[0m   [0mSELECT * FROM "tasks" WHERE ("tasks"."id" = 2) [0m
  [4;36;1mComment Load (0.4ms)[0m   [0;1mSELECT * FROM "comments" WHERE ("comments".task_id = 2) ORDER BY id desc LIMIT 5 OFFSET 0[0m
Rendering template within layouts/application
Rendering tasks/show
  [4;35;1mUser Load (2.3ms)[0m   [0mSELECT * FROM "users" WHERE ("users"."id" = 1) LIMIT 1[0m
Rendered comments/_form (12.8ms)
Completed in 120ms (View: 65, DB: 4) | 200 OK [http://localhost/projetos/1/tarefas/2]


Processing TasksController#close (for 127.0.0.1 at 2009-02-02 15:17:42) [GET]
  Parameters: {"project_id"=>"1", "id"=>"2"}
  [4;36;1mTask Load (5.5ms)[0m   [0;1mSELECT * FROM "tasks" WHERE ("tasks"."id" = 2) [0m
  [4;35;1mTask Update (1.2ms)[0m   [0mUPDATE "tasks" SET "updated_at" = '2009-02-02 18:17:42', "real_date_end" = '2009-02-02', "state" = 'closed' WHERE "id" = 2[0m
  [4;36;1mProject Load (1.0ms)[0m   [0;1mSELECT * FROM "projects" WHERE ("projects"."id" = 1) [0m
Redirected to /projetos/1/tarefas/2
Completed in 109ms (DB: 8) | 302 Found [http://localhost/projetos/1/tarefas/2/fechar]


Processing TasksController#show (for 127.0.0.1 at 2009-02-02 15:17:43) [GET]
  Parameters: {"project_id"=>"1", "id"=>"2"}
  [4;35;1mProject Load (0.9ms)[0m   [0mSELECT * FROM "projects" WHERE ("projects"."id" = 1) [0m
  [4;36;1mTask Load (1.4ms)[0m   [0;1mSELECT * FROM "tasks" WHERE ("tasks"."id" = 2) [0m
  [4;35;1mComment Load (0.6ms)[0m   [0mSELECT * FROM "comments" WHERE ("comments".task_id = 2) ORDER BY id desc LIMIT 5 OFFSET 0[0m
Rendering template within layouts/application
Rendering tasks/show
  [4;36;1mUser Load (2.7ms)[0m   [0;1mSELECT * FROM "users" WHERE ("users"."id" = 1) LIMIT 1[0m
Completed in 242ms (View: 123, DB: 3) | 200 OK [http://localhost/projetos/1/tarefas/2]


Processing TasksController#destroy (for 127.0.0.1 at 2009-02-02 15:17:51) [DELETE]
  Parameters: {"project_id"=>"1", "authenticity_token"=>"ddb6b3eb5b1b5e7eb003de5f92699b1af689b4a6", "id"=>"2"}
  [4;35;1mProject Load (1.1ms)[0m   [0mSELECT * FROM "projects" WHERE ("projects"."id" = 1) [0m
  [4;36;1mTask Load (1.9ms)[0m   [0;1mSELECT * FROM "tasks" WHERE ("tasks"."id" = 2) [0m
  [4;35;1mComment Load (0.6ms)[0m   [0mSELECT * FROM "comments" WHERE ("comments".task_id = 2) ORDER BY id desc[0m
  [4;36;1mTask Destroy (1.3ms)[0m   [0;1mDELETE FROM "tasks" WHERE "id" = 2[0m
Redirected to http://localhost/projetos/1/tarefas
Completed in 575ms (DB: 5) | 302 Found [http://localhost/projetos/1/tarefas/2]


Processing TasksController#index (for 127.0.0.1 at 2009-02-02 15:17:52) [GET]
  Parameters: {"project_id"=>"1"}
  [4;35;1mTask Load (3.3ms)[0m   [0mSELECT * FROM "tasks" ORDER BY created_at DESC LIMIT 10 OFFSET 0[0m
Rendering template within layouts/application
Rendering tasks/index
  [4;36;1mProject Load (1.0ms)[0m   [0;1mSELECT * FROM "projects" WHERE ("projects"."id" = 1) [0m
  [4;35;1mUser Load (2.0ms)[0m   [0mSELECT * FROM "users" WHERE ("users"."id" = 1) [0m
  [4;36;1mUser Load (1.6ms)[0m   [0;1mSELECT * FROM "users" WHERE ("users"."id" = 1) LIMIT 1[0m
Completed in 198ms (View: 158, DB: 3) | 200 OK [http://localhost/projetos/1/tarefas]


Processing ProjectsController#show (for 127.0.0.1 at 2009-02-02 15:18:16) [GET]
  Parameters: {"id"=>"1"}
  [4;35;1mUser Load (5.5ms)[0m   [0mSELECT * FROM "users" WHERE ("users"."id" = 1) LIMIT 1[0m
  [4;36;1mClient Load (1.3ms)[0m   [0;1mSELECT * FROM "clients" [0m
  [4;35;1mProject Load (1.1ms)[0m   [0mSELECT * FROM "projects" WHERE ("projects"."id" = 1) [0m
Rendering template within layouts/application
Rendering projects/show
  [4;36;1mClient Load (1.2ms)[0m   [0;1mSELECT * FROM "clients" WHERE ("clients"."id" = 1) [0m
  [4;35;1mSQL (0.8ms)[0m   [0mSELECT count(*) AS count_all FROM "tasks" WHERE ("tasks".project_id = 1) [0m
  [4;36;1mTask Load (1.4ms)[0m   [0;1mSELECT * FROM "tasks" WHERE ("tasks".project_id = 1) [0m
  [4;35;1mSQL (1.1ms)[0m   [0mSELECT count(*) AS count_all FROM "comments" WHERE ("comments".task_id = 1) [0m
Completed in 320ms (View: 179, DB: 12) | 200 OK [http://localhost/projetos/1]


Processing TasksController#new (for 127.0.0.1 at 2009-02-02 15:18:32) [GET]
  Parameters: {"project_id"=>"1"}
  [4;36;1mProject Load (1.0ms)[0m   [0;1mSELECT * FROM "projects" WHERE ("projects"."id" = 1) [0m
Rendering template within layouts/application
Rendering tasks/new
  [4;35;1mUser Load (1.7ms)[0m   [0mSELECT * FROM "users" WHERE ("users"."id" = 1) LIMIT 1[0m
Rendered tasks/_form (437.7ms)
Completed in 615ms (View: 540, DB: 1) | 200 OK [http://localhost/projetos/1/tarefas/novo]


Processing TasksController#create (for 127.0.0.1 at 2009-02-02 15:18:59) [POST]
  Parameters: {"commit"=>"Adicionar", "project_id"=>"1", "authenticity_token"=>"ddb6b3eb5b1b5e7eb003de5f92699b1af689b4a6", "task"=>{"name"=>"soh pra testar, meu filho", "user_id"=>"1", "date_start(1i)"=>"2009", "date_start(2i)"=>"2", "date_end(1i)"=>"2009", "date_start(3i)"=>"2", "message"=>"hehehehe", "date_end(2i)"=>"2", "date_end(3i)"=>"6"}}
  [4;36;1mProject Load (1.0ms)[0m   [0;1mSELECT * FROM "projects" WHERE ("projects"."id" = 1) [0m
  [4;35;1mTask Exists (0.6ms)[0m   [0mSELECT "tasks".id FROM "tasks" WHERE ("tasks"."name" = 'soh pra testar, meu filho') LIMIT 1[0m
  [4;36;1mTask Create (1.2ms)[0m   [0;1mINSERT INTO "tasks" ("name", "real_date_start", "created_at", "real_date_end", "project_id", "updated_at", "commented_at", "user_id", "date_start", "message", "state", "date_end") VALUES('soh pra testar, meu filho', NULL, '2009-02-02 18:18:59', NULL, 1, '2009-02-02 18:18:59', NULL, 1, '2009-02-02', 'hehehehe', 'pending', '2009-02-06')[0m
Redirected to #<Project:0xb672d100>
Completed in 109ms (DB: 3) | 302 Found [http://localhost/projetos/1/tarefas]


Processing ProjectsController#show (for 127.0.0.1 at 2009-02-02 15:18:59) [GET]
  Parameters: {"id"=>"1"}
  [4;35;1mUser Load (1.5ms)[0m   [0mSELECT * FROM "users" WHERE ("users"."id" = 1) LIMIT 1[0m
  [4;36;1mClient Load (4.0ms)[0m   [0;1mSELECT * FROM "clients" [0m
  [4;35;1mProject Load (1.1ms)[0m   [0mSELECT * FROM "projects" WHERE ("projects"."id" = 1) [0m
Rendering template within layouts/application
Rendering projects/show
  [4;36;1mClient Load (1.3ms)[0m   [0;1mSELECT * FROM "clients" WHERE ("clients"."id" = 1) [0m
  [4;35;1mSQL (0.7ms)[0m   [0mSELECT count(*) AS count_all FROM "tasks" WHERE ("tasks".project_id = 1) [0m
  [4;36;1mTask Load (1.8ms)[0m   [0;1mSELECT * FROM "tasks" WHERE ("tasks".project_id = 1) [0m
  [4;35;1mSQL (2.0ms)[0m   [0mSELECT count(*) AS count_all FROM "comments" WHERE ("comments".task_id = 3) [0m
  [4;36;1mSQL (0.8ms)[0m   [0;1mSELECT count(*) AS count_all FROM "comments" WHERE ("comments".task_id = 1) [0m
Completed in 564ms (View: 190, DB: 13) | 200 OK [http://localhost/projetos/1]


Processing ProjectsController#show (for 127.0.0.1 at 2009-02-02 15:21:41) [GET]
  Parameters: {"id"=>"1"}
  [4;35;1mUser Load (0.8ms)[0m   [0mSELECT * FROM "users" WHERE ("users"."id" = 1) LIMIT 1[0m
  [4;36;1mClient Load (0.6ms)[0m   [0;1mSELECT * FROM "clients" [0m
  [4;35;1mProject Load (1.5ms)[0m   [0mSELECT * FROM "projects" WHERE ("projects"."id" = 1) [0m
Rendering template within layouts/application
Rendering projects/show
  [4;36;1mClient Load (0.6ms)[0m   [0;1mSELECT * FROM "clients" WHERE ("clients"."id" = 1) [0m
  [4;35;1mSQL (0.4ms)[0m   [0mSELECT count(*) AS count_all FROM "tasks" WHERE ("tasks".project_id = 1) [0m
  [4;36;1mTask Load (1.9ms)[0m   [0;1mSELECT * FROM "tasks" WHERE ("tasks".project_id = 1) [0m
  [4;35;1mSQL (0.4ms)[0m   [0mSELECT count(*) AS count_all FROM "comments" WHERE ("comments".task_id = 3) [0m
  [4;36;1mSQL (0.4ms)[0m   [0;1mSELECT count(*) AS count_all FROM "comments" WHERE ("comments".task_id = 1) [0m
Completed in 124ms (View: 80, DB: 7) | 200 OK [http://localhost/projetos/1]


Processing ProjectsController#show (for 127.0.0.1 at 2009-02-02 15:21:57) [GET]
  Parameters: {"id"=>"1"}
  [4;35;1mUser Load (1.5ms)[0m   [0mSELECT * FROM "users" WHERE ("users"."id" = 1) LIMIT 1[0m
  [4;36;1mClient Load (1.2ms)[0m   [0;1mSELECT * FROM "clients" [0m
  [4;35;1mProject Load (1.0ms)[0m   [0mSELECT * FROM "projects" WHERE ("projects"."id" = 1) [0m
Rendering template within layouts/application
Rendering projects/show
  [4;36;1mClient Load (1.2ms)[0m   [0;1mSELECT * FROM "clients" WHERE ("clients"."id" = 1) [0m
  [4;35;1mSQL (0.8ms)[0m   [0mSELECT count(*) AS count_all FROM "tasks" WHERE ("tasks".project_id = 1) [0m
  [4;36;1mTask Load (1.7ms)[0m   [0;1mSELECT * FROM "tasks" WHERE ("tasks".project_id = 1) [0m
  [4;35;1mSQL (0.8ms)[0m   [0mSELECT count(*) AS count_all FROM "comments" WHERE ("comments".task_id = 3) [0m
  [4;36;1mSQL (0.7ms)[0m   [0;1mSELECT count(*) AS count_all FROM "comments" WHERE ("comments".task_id = 1) [0m
Completed in 248ms (View: 168, DB: 9) | 200 OK [http://localhost/projetos/1]


Processing ProjectsController#show (for 127.0.0.1 at 2009-02-02 15:25:32) [GET]
  Parameters: {"id"=>"1"}
  [4;35;1mUser Load (1.8ms)[0m   [0mSELECT * FROM "users" WHERE ("users"."id" = 1) LIMIT 1[0m
  [4;36;1mClient Load (1.8ms)[0m   [0;1mSELECT * FROM "clients" [0m
  [4;35;1mProject Load (3.5ms)[0m   [0mSELECT * FROM "projects" WHERE ("projects"."id" = 1) [0m
Rendering template within layouts/application
Rendering projects/show
  [4;36;1mClient Load (1.2ms)[0m   [0;1mSELECT * FROM "clients" WHERE ("clients"."id" = 1) [0m
  [4;35;1mSQL (0.8ms)[0m   [0mSELECT count(*) AS count_all FROM "tasks" WHERE ("tasks".project_id = 1) [0m
  [4;36;1mTask Load (1.9ms)[0m   [0;1mSELECT * FROM "tasks" WHERE ("tasks".project_id = 1) [0m
  [4;35;1mSQL (0.7ms)[0m   [0mSELECT count(*) AS count_all FROM "comments" WHERE ("comments".task_id = 3) [0m
  [4;36;1mSQL (0.8ms)[0m   [0;1mSELECT count(*) AS count_all FROM "comments" WHERE ("comments".task_id = 1) [0m
Completed in 315ms (View: 205, DB: 12) | 200 OK [http://localhost/projetos/1]


Processing ProjectsController#show (for 127.0.0.1 at 2009-02-02 15:27:21) [GET]
  Parameters: {"id"=>"1"}
  [4;35;1mUser Load (1.4ms)[0m   [0mSELECT * FROM "users" WHERE ("users"."id" = 1) LIMIT 1[0m
  [4;36;1mClient Load (1.2ms)[0m   [0;1mSELECT * FROM "clients" [0m
  [4;35;1mProject Load (1.0ms)[0m   [0mSELECT * FROM "projects" WHERE ("projects"."id" = 1) [0m
Rendering template within layouts/application
Rendering projects/show
  [4;36;1mClient Load (4.8ms)[0m   [0;1mSELECT * FROM "clients" WHERE ("clients"."id" = 1) [0m
  [4;35;1mSQL (0.7ms)[0m   [0mSELECT count(*) AS count_all FROM "tasks" WHERE ("tasks".project_id = 1) [0m
  [4;36;1mTask Load (4.0ms)[0m   [0;1mSELECT * FROM "tasks" WHERE ("tasks".project_id = 1) [0m
  [4;35;1mSQL (0.7ms)[0m   [0mSELECT count(*) AS count_all FROM "comments" WHERE ("comments".task_id = 3) [0m
  [4;36;1mSQL (0.8ms)[0m   [0;1mSELECT count(*) AS count_all FROM "comments" WHERE ("comments".task_id = 1) [0m
Completed in 585ms (View: 487, DB: 15) | 200 OK [http://localhost/projetos/1]


Processing ProjectsController#show (for 127.0.0.1 at 2009-02-02 15:28:00) [GET]
  Parameters: {"id"=>"1"}
  [4;35;1mUser Load (0.8ms)[0m   [0mSELECT * FROM "users" WHERE ("users"."id" = 1) LIMIT 1[0m
  [4;36;1mClient Load (0.9ms)[0m   [0;1mSELECT * FROM "clients" [0m
  [4;35;1mProject Load (0.5ms)[0m   [0mSELECT * FROM "projects" WHERE ("projects"."id" = 1) [0m
Rendering template within layouts/application
Rendering projects/show
  [4;36;1mClient Load (0.6ms)[0m   [0;1mSELECT * FROM "clients" WHERE ("clients"."id" = 1) [0m
  [4;35;1mSQL (0.4ms)[0m   [0mSELECT count(*) AS count_all FROM "tasks" WHERE ("tasks".project_id = 1) [0m
  [4;36;1mTask Load (0.9ms)[0m   [0;1mSELECT * FROM "tasks" WHERE ("tasks".project_id = 1) [0m
  [4;35;1mSQL (0.4ms)[0m   [0mSELECT count(*) AS count_all FROM "comments" WHERE ("comments".task_id = 3) [0m
  [4;36;1mSQL (0.4ms)[0m   [0;1mSELECT count(*) AS count_all FROM "comments" WHERE ("comments".task_id = 1) [0m
Completed in 122ms (View: 79, DB: 5) | 200 OK [http://localhost/projetos/1]


Processing ProjectsController#show (for 127.0.0.1 at 2009-02-02 15:28:18) [GET]
  Parameters: {"id"=>"1"}
  [4;35;1mUser Load (3.4ms)[0m   [0mSELECT * FROM "users" WHERE ("users"."id" = 1) LIMIT 1[0m
  [4;36;1mClient Load (1.9ms)[0m   [0;1mSELECT * FROM "clients" [0m
  [4;35;1mProject Load (1.0ms)[0m   [0mSELECT * FROM "projects" WHERE ("projects"."id" = 1) [0m
Rendering template within layouts/application
Rendering projects/show
  [4;36;1mClient Load (1.3ms)[0m   [0;1mSELECT * FROM "clients" WHERE ("clients"."id" = 1) [0m
  [4;35;1mSQL (0.8ms)[0m   [0mSELECT count(*) AS count_all FROM "tasks" WHERE ("tasks".project_id = 1) [0m
  [4;36;1mTask Load (2.3ms)[0m   [0;1mSELECT * FROM "tasks" WHERE ("tasks".project_id = 1) [0m
  [4;35;1mSQL (0.5ms)[0m   [0mSELECT count(*) AS count_all FROM "comments" WHERE ("comments".task_id = 3) [0m
  [4;36;1mSQL (0.4ms)[0m   [0;1mSELECT count(*) AS count_all FROM "comments" WHERE ("comments".task_id = 1) [0m
Completed in 293ms (View: 187, DB: 12) | 200 OK [http://localhost/projetos/1]


Processing ProjectsController#show (for 127.0.0.1 at 2009-02-02 15:28:25) [GET]
  Parameters: {"id"=>"1"}
  [4;35;1mUser Load (7.5ms)[0m   [0mSELECT * FROM "users" WHERE ("users"."id" = 1) LIMIT 1[0m
  [4;36;1mClient Load (1.2ms)[0m   [0;1mSELECT * FROM "clients" [0m
  [4;35;1mProject Load (1.1ms)[0m   [0mSELECT * FROM "projects" WHERE ("projects"."id" = 1) [0m
Rendering template within layouts/application
Rendering projects/show
  [4;36;1mClient Load (1.1ms)[0m   [0;1mSELECT * FROM "clients" WHERE ("clients"."id" = 1) [0m
  [4;35;1mSQL (0.9ms)[0m   [0mSELECT count(*) AS count_all FROM "tasks" WHERE ("tasks".project_id = 1) [0m
  [4;36;1mTask Load (1.9ms)[0m   [0;1mSELECT * FROM "tasks" WHERE ("tasks".project_id = 1) [0m
  [4;35;1mSQL (0.8ms)[0m   [0mSELECT count(*) AS count_all FROM "comments" WHERE ("comments".task_id = 3) [0m
  [4;36;1mSQL (0.8ms)[0m   [0;1mSELECT count(*) AS count_all FROM "comments" WHERE ("comments".task_id = 1) [0m
Completed in 594ms (View: 492, DB: 15) | 200 OK [http://localhost/projetos/1]


Processing ProjectsController#show (for 127.0.0.1 at 2009-02-02 15:28:55) [GET]
  Parameters: {"id"=>"1"}
  [4;35;1mUser Load (1.5ms)[0m   [0mSELECT * FROM "users" WHERE ("users"."id" = 1) LIMIT 1[0m
  [4;36;1mClient Load (1.2ms)[0m   [0;1mSELECT * FROM "clients" [0m
  [4;35;1mProject Load (1.0ms)[0m   [0mSELECT * FROM "projects" WHERE ("projects"."id" = 1) [0m
Rendering template within layouts/application
Rendering projects/show
  [4;36;1mClient Load (1.5ms)[0m   [0;1mSELECT * FROM "clients" WHERE ("clients"."id" = 1) [0m
  [4;35;1mSQL (0.4ms)[0m   [0mSELECT count(*) AS count_all FROM "tasks" WHERE ("tasks".project_id = 1) [0m
  [4;36;1mTask Load (0.9ms)[0m   [0;1mSELECT * FROM "tasks" WHERE ("tasks".project_id = 1) [0m
  [4;35;1mSQL (0.4ms)[0m   [0mSELECT count(*) AS count_all FROM "comments" WHERE ("comments".task_id = 3) [0m
  [4;36;1mSQL (0.4ms)[0m   [0;1mSELECT count(*) AS count_all FROM "comments" WHERE ("comments".task_id = 1) [0m
Completed in 265ms (View: 144, DB: 7) | 200 OK [http://localhost/projetos/1]


Processing ProjectsController#show (for 127.0.0.1 at 2009-02-02 15:29:11) [GET]
  Parameters: {"id"=>"1"}
  [4;35;1mUser Load (2.2ms)[0m   [0mSELECT * FROM "users" WHERE ("users"."id" = 1) LIMIT 1[0m
  [4;36;1mClient Load (1.2ms)[0m   [0;1mSELECT * FROM "clients" [0m
  [4;35;1mProject Load (0.5ms)[0m   [0mSELECT * FROM "projects" WHERE ("projects"."id" = 1) [0m
Rendering template within layouts/application
Rendering projects/show
  [4;36;1mClient Load (0.6ms)[0m   [0;1mSELECT * FROM "clients" WHERE ("clients"."id" = 1) [0m
  [4;35;1mSQL (0.4ms)[0m   [0mSELECT count(*) AS count_all FROM "tasks" WHERE ("tasks".project_id = 1) [0m
  [4;36;1mTask Load (0.9ms)[0m   [0;1mSELECT * FROM "tasks" WHERE ("tasks".project_id = 1) [0m
  [4;35;1mSQL (0.4ms)[0m   [0mSELECT count(*) AS count_all FROM "comments" WHERE ("comments".task_id = 3) [0m
  [4;36;1mSQL (0.4ms)[0m   [0;1mSELECT count(*) AS count_all FROM "comments" WHERE ("comments".task_id = 1) [0m
Completed in 119ms (View: 78, DB: 7) | 200 OK [http://localhost/projetos/1]


Processing ProjectsController#show (for 127.0.0.1 at 2009-02-02 15:29:14) [GET]
  Parameters: {"id"=>"1"}
  [4;35;1mUser Load (0.8ms)[0m   [0mSELECT * FROM "users" WHERE ("users"."id" = 1) LIMIT 1[0m
  [4;36;1mClient Load (0.8ms)[0m   [0;1mSELECT * FROM "clients" [0m
  [4;35;1mProject Load (0.7ms)[0m   [0mSELECT * FROM "projects" WHERE ("projects"."id" = 1) [0m
Rendering template within layouts/application
Rendering projects/show
  [4;36;1mClient Load (0.7ms)[0m   [0;1mSELECT * FROM "clients" WHERE ("clients"."id" = 1) [0m
  [4;35;1mSQL (0.5ms)[0m   [0mSELECT count(*) AS count_all FROM "tasks" WHERE ("tasks".project_id = 1) [0m
  [4;36;1mTask Load (1.0ms)[0m   [0;1mSELECT * FROM "tasks" WHERE ("tasks".project_id = 1) [0m
  [4;35;1mSQL (0.4ms)[0m   [0mSELECT count(*) AS count_all FROM "comments" WHERE ("comments".task_id = 3) [0m
  [4;36;1mSQL (0.4ms)[0m   [0;1mSELECT count(*) AS count_all FROM "comments" WHERE ("comments".task_id = 1) [0m
Completed in 456ms (View: 99, DB: 5) | 200 OK [http://localhost/projetos/1]


Processing ProjectsController#show (for 127.0.0.1 at 2009-02-02 15:29:22) [GET]
  Parameters: {"id"=>"1"}
  [4;35;1mUser Load (0.8ms)[0m   [0mSELECT * FROM "users" WHERE ("users"."id" = 1) LIMIT 1[0m
  [4;36;1mClient Load (1.5ms)[0m   [0;1mSELECT * FROM "clients" [0m
  [4;35;1mProject Load (1.4ms)[0m   [0mSELECT * FROM "projects" WHERE ("projects"."id" = 1) [0m
Rendering template within layouts/application
Rendering projects/show
  [4;36;1mClient Load (0.6ms)[0m   [0;1mSELECT * FROM "clients" WHERE ("clients"."id" = 1) [0m
  [4;35;1mSQL (0.4ms)[0m   [0mSELECT count(*) AS count_all FROM "tasks" WHERE ("tasks".project_id = 1) [0m
  [4;36;1mTask Load (4.7ms)[0m   [0;1mSELECT * FROM "tasks" WHERE ("tasks".project_id = 1) [0m
  [4;35;1mSQL (0.4ms)[0m   [0mSELECT count(*) AS count_all FROM "comments" WHERE ("comments".task_id = 3) [0m
  [4;36;1mSQL (2.6ms)[0m   [0;1mSELECT count(*) AS count_all FROM "comments" WHERE ("comments".task_id = 1) [0m
Completed in 128ms (View: 80, DB: 12) | 200 OK [http://localhost/projetos/1]


Processing ProjectsController#show (for 127.0.0.1 at 2009-02-02 15:29:47) [GET]
  Parameters: {"id"=>"1"}
  [4;35;1mUser Load (3.1ms)[0m   [0mSELECT * FROM "users" WHERE ("users"."id" = 1) LIMIT 1[0m
  [4;36;1mClient Load (1.2ms)[0m   [0;1mSELECT * FROM "clients" [0m
  [4;35;1mProject Load (1.0ms)[0m   [0mSELECT * FROM "projects" WHERE ("projects"."id" = 1) [0m
Rendering template within layouts/application
Rendering projects/show
  [4;36;1mClient Load (1.2ms)[0m   [0;1mSELECT * FROM "clients" WHERE ("clients"."id" = 1) [0m
  [4;35;1mSQL (0.9ms)[0m   [0mSELECT count(*) AS count_all FROM "tasks" WHERE ("tasks".project_id = 1) [0m
  [4;36;1mTask Load (1.7ms)[0m   [0;1mSELECT * FROM "tasks" WHERE ("tasks".project_id = 1) [0m
  [4;35;1mSQL (0.7ms)[0m   [0mSELECT count(*) AS count_all FROM "comments" WHERE ("comments".task_id = 3) [0m
  [4;36;1mSQL (0.7ms)[0m   [0;1mSELECT count(*) AS count_all FROM "comments" WHERE ("comments".task_id = 1) [0m
Completed in 253ms (View: 165, DB: 10) | 200 OK [http://localhost/projetos/1]


Processing ProjectsController#show (for 127.0.0.1 at 2009-02-02 15:29:57) [GET]
  Parameters: {"id"=>"1"}
  [4;35;1mUser Load (0.8ms)[0m   [0mSELECT * FROM "users" WHERE ("users"."id" = 1) LIMIT 1[0m
  [4;36;1mClient Load (0.6ms)[0m   [0;1mSELECT * FROM "clients" [0m
  [4;35;1mProject Load (0.5ms)[0m   [0mSELECT * FROM "projects" WHERE ("projects"."id" = 1) [0m
Rendering template within layouts/application
Rendering projects/show
  [4;36;1mClient Load (0.6ms)[0m   [0;1mSELECT * FROM "clients" WHERE ("clients"."id" = 1) [0m
  [4;35;1mSQL (0.6ms)[0m   [0mSELECT count(*) AS count_all FROM "tasks" WHERE ("tasks".project_id = 1) [0m
  [4;36;1mTask Load (0.9ms)[0m   [0;1mSELECT * FROM "tasks" WHERE ("tasks".project_id = 1) [0m
  [4;35;1mSQL (0.6ms)[0m   [0mSELECT count(*) AS count_all FROM "comments" WHERE ("comments".task_id = 3) [0m
  [4;36;1mSQL (0.4ms)[0m   [0;1mSELECT count(*) AS count_all FROM "comments" WHERE ("comments".task_id = 1) [0m
Completed in 142ms (View: 93, DB: 5) | 200 OK [http://localhost/projetos/1]


Processing ProjectsController#show (for 127.0.0.1 at 2009-02-02 15:30:05) [GET]
  Parameters: {"id"=>"1"}
  [4;35;1mUser Load (1.4ms)[0m   [0mSELECT * FROM "users" WHERE ("users"."id" = 1) LIMIT 1[0m
  [4;36;1mClient Load (6.7ms)[0m   [0;1mSELECT * FROM "clients" [0m
  [4;35;1mProject Load (1.0ms)[0m   [0mSELECT * FROM "projects" WHERE ("projects"."id" = 1) [0m
Rendering template within layouts/application
Rendering projects/show
  [4;36;1mClient Load (1.2ms)[0m   [0;1mSELECT * FROM "clients" WHERE ("clients"."id" = 1) [0m
  [4;35;1mSQL (2.2ms)[0m   [0mSELECT count(*) AS count_all FROM "tasks" WHERE ("tasks".project_id = 1) [0m
  [4;36;1mTask Load (1.0ms)[0m   [0;1mSELECT * FROM "tasks" WHERE ("tasks".project_id = 1) [0m
  [4;35;1mSQL (1.4ms)[0m   [0mSELECT count(*) AS count_all FROM "comments" WHERE ("comments".task_id = 3) [0m
  [4;36;1mSQL (0.4ms)[0m   [0;1mSELECT count(*) AS count_all FROM "comments" WHERE ("comments".task_id = 1) [0m
Completed in 421ms (View: 335, DB: 15) | 200 OK [http://localhost/projetos/1]


Processing TasksController#show (for 127.0.0.1 at 2009-02-02 15:30:40) [GET]
  Parameters: {"project_id"=>"1", "id"=>"1"}
  [4;35;1mProject Load (1.1ms)[0m   [0mSELECT * FROM "projects" WHERE ("projects"."id" = 1) [0m
  [4;36;1mTask Load (3.1ms)[0m   [0;1mSELECT * FROM "tasks" WHERE ("tasks"."id" = 1) [0m
  [4;35;1mComment Load (0.6ms)[0m   [0mSELECT * FROM "comments" WHERE ("comments".task_id = 1) ORDER BY id desc LIMIT 5 OFFSET 0[0m
Rendering template within layouts/application
Rendering tasks/show
  [4;36;1mUser Load (1.5ms)[0m   [0;1mSELECT * FROM "users" WHERE ("users"."id" = 1) LIMIT 1[0m
Rendered comments/_form (27.9ms)
Completed in 239ms (View: 131, DB: 5) | 200 OK [http://localhost/projetos/1/tarefas/1]


Processing CommentsController#create (for 127.0.0.1 at 2009-02-02 15:30:48) [POST]
  Parameters: {"comment"=>{"user_id"=>"1", "message"=>"soh pra abrir :P"}, "task_id"=>"1", "commit"=>"Adicionar", "project_id"=>"1", "authenticity_token"=>"ddb6b3eb5b1b5e7eb003de5f92699b1af689b4a6"}
  [4;35;1mTask Load (3.0ms)[0m   [0mSELECT * FROM "tasks" WHERE ("tasks"."id" = 1) [0m
  [4;36;1mComment Create (1.3ms)[0m   [0;1mINSERT INTO "comments" ("task_id", "created_at", "updated_at", "user_id", "message") VALUES(1, '2009-02-02 18:30:48', '2009-02-02 18:30:48', 1, 'soh pra abrir :P')[0m
  [4;35;1mTask Load (3.8ms)[0m   [0mSELECT * FROM "tasks" WHERE ("tasks"."id" = 1) [0m
  [4;36;1mTask Update (1.1ms)[0m   [0;1mUPDATE "tasks" SET "updated_at" = '2009-02-02 18:30:48', "commented_at" = '2009-02-02 15:30:48' WHERE "id" = 1[0m
  [4;35;1mComment Load (1.0ms)[0m   [0mSELECT * FROM "comments" WHERE ("comments".task_id = 1) ORDER BY id desc[0m
  [4;36;1mTask Update (1.4ms)[0m   [0;1mUPDATE "tasks" SET "updated_at" = '2009-02-02 18:30:48', "state" = 'opened', "real_date_start" = '2009-02-02' WHERE "id" = 1[0m
  [4;35;1mProject Load (1.1ms)[0m   [0mSELECT * FROM "projects" WHERE ("projects"."id" = 1) [0m
Redirected to /projetos/1/tarefas/1
Completed in 273ms (DB: 13) | 302 Found [http://localhost/projetos/1/tarefas/1/comentarios]


Processing TasksController#show (for 127.0.0.1 at 2009-02-02 15:30:48) [GET]
  Parameters: {"project_id"=>"1", "id"=>"1"}
  [4;36;1mProject Load (0.5ms)[0m   [0;1mSELECT * FROM "projects" WHERE ("projects"."id" = 1) [0m
  [4;35;1mTask Load (3.9ms)[0m   [0mSELECT * FROM "tasks" WHERE ("tasks"."id" = 1) [0m
  [4;36;1mComment Load (0.6ms)[0m   [0;1mSELECT * FROM "comments" WHERE ("comments".task_id = 1) ORDER BY id desc LIMIT 5 OFFSET 0[0m
Rendering template within layouts/application
Rendering tasks/show
  [4;35;1mUser Load (0.8ms)[0m   [0mSELECT * FROM "users" WHERE ("users"."id" = 1) LIMIT 1[0m
Rendered comments/_form (13.8ms)
  [4;36;1mUser Load (1.6ms)[0m   [0;1mSELECT * FROM "users" WHERE ("users"."id" = 1) [0m
Completed in 268ms (View: 206, DB: 5) | 200 OK [http://localhost/projetos/1/tarefas/1]


Processing ProjectsController#show (for 127.0.0.1 at 2009-02-02 15:30:54) [GET]
  Parameters: {"id"=>"1"}
  [4;35;1mUser Load (1.5ms)[0m   [0mSELECT * FROM "users" WHERE ("users"."id" = 1) LIMIT 1[0m
  [4;36;1mClient Load (14.6ms)[0m   [0;1mSELECT * FROM "clients" [0m
  [4;35;1mProject Load (0.9ms)[0m   [0mSELECT * FROM "projects" WHERE ("projects"."id" = 1) [0m
Rendering template within layouts/application
Rendering projects/show
  [4;36;1mClient Load (3.5ms)[0m   [0;1mSELECT * FROM "clients" WHERE ("clients"."id" = 1) [0m
  [4;35;1mSQL (0.9ms)[0m   [0mSELECT count(*) AS count_all FROM "tasks" WHERE ("tasks".project_id = 1) [0m
  [4;36;1mTask Load (4.0ms)[0m   [0;1mSELECT * FROM "tasks" WHERE ("tasks".project_id = 1) [0m
  [4;35;1mSQL (0.7ms)[0m   [0mSELECT count(*) AS count_all FROM "comments" WHERE ("comments".task_id = 3) [0m
  [4;36;1mSQL (0.8ms)[0m   [0;1mSELECT count(*) AS count_all FROM "comments" WHERE ("comments".task_id = 1) [0m
Completed in 399ms (View: 235, DB: 27) | 200 OK [http://localhost/projetos/1]
